Using pre-set license
Built from '2020.3/staging' branch; Version is '2020.3.18f1 (a7d1c678663c) revision 10998214'; Using compiler version '192528614'; Build Type 'Release'
OS: 'Windows 10 Pro; OS build 19042.985; Version 2009; 64bit' Language: 'fr' Physical Memory: 32588 MB
BatchMode: 1, IsHumanControllingUs: 0, StartBugReporterOnCrash: 0, Is64bit: 1, IsPro: 0

COMMAND LINE ARGUMENTS:
C:\Program Files\Unity\Hub\Editor\2020.3.18f1\Editor\Unity.exe
-adb2
-batchMode
-noUpm
-name
AssetImportWorker0
-projectPath
C:/Users/e.dumas/Documents/POC Exploracers
-logFile
Logs/AssetImportWorker0.log
-srvPort
62638
Successfully changed project path to: C:/Users/e.dumas/Documents/POC Exploracers
C:/Users/e.dumas/Documents/POC Exploracers
Using Asset Import Pipeline V2.
Refreshing native plugins compatible for Editor in 37.10 ms, found 2 plugins.
Preloading 0 native plugins for Editor in 0.00 ms.
Initialize engine version: 2020.3.18f1 (a7d1c678663c)
[Subsystems] Discovering subsystems at path C:/Program Files/Unity/Hub/Editor/2020.3.18f1/Editor/Data/Resources/UnitySubsystems
[Subsystems] Discovering subsystems at path C:/Users/e.dumas/Documents/POC Exploracers/Assets
GfxDevice: creating device client; threaded=0
Direct3D:
    Version:  Direct3D 11.0 [level 11.1]
    Renderer: NVIDIA GeForce RTX 2060 (ID=0x1f15)
    Vendor:   
    VRAM:     5980 MB
    Driver:   30.0.15.1295
Initialize mono
Mono path[0] = 'C:/Program Files/Unity/Hub/Editor/2020.3.18f1/Editor/Data/Managed'
Mono path[1] = 'C:/Program Files/Unity/Hub/Editor/2020.3.18f1/Editor/Data/MonoBleedingEdge/lib/mono/unityjit'
Mono config path = 'C:/Program Files/Unity/Hub/Editor/2020.3.18f1/Editor/Data/MonoBleedingEdge/etc'
Using monoOptions --debugger-agent=transport=dt_socket,embedding=1,server=y,suspend=n,address=127.0.0.1:56492
Begin MonoManager ReloadAssembly
Registering precompiled unity dll's ...
Register platform support module: C:/Program Files/Unity/Hub/Editor/2020.3.18f1/Editor/Data/PlaybackEngines/WindowsStandaloneSupport/UnityEditor.WindowsStandalone.Extensions.dll
Registered in 0.001700 seconds.
Native extension for WindowsStandalone target not found
Refreshing native plugins compatible for Editor in 34.25 ms, found 2 plugins.
Preloading 0 native plugins for Editor in 0.00 ms.
Mono: successfully reloaded assembly
- Completed reload, in  1.195 seconds
Domain Reload Profiling:
	ReloadAssembly (1195ms)
		BeginReloadAssembly (70ms)
			ExecutionOrderSort (0ms)
			DisableScriptedObjects (0ms)
			BackupInstance (0ms)
			ReleaseScriptingObjects (0ms)
			CreateAndSetChildDomain (1ms)
		EndReloadAssembly (431ms)
			LoadAssemblies (63ms)
			RebuildTransferFunctionScriptingTraits (0ms)
			SetupTypeCache (158ms)
			ReleaseScriptCaches (0ms)
			RebuildScriptCaches (36ms)
			SetupLoadedEditorAssemblies (172ms)
				LogAssemblyErrors (0ms)
				InitializePlatformSupportModulesInManaged (5ms)
				SetLoadedEditorAssemblies (0ms)
				RefreshPlugins (34ms)
				BeforeProcessingInitializeOnLoad (16ms)
				ProcessInitializeOnLoadAttributes (85ms)
				ProcessInitializeOnLoadMethodAttributes (32ms)
				AfterProcessingInitializeOnLoad (0ms)
				EditorAssembliesLoaded (0ms)
			ExecutionOrderSort2 (0ms)
			AwakeInstancesAfterBackupRestoration (0ms)
Platform modules already initialized, skipping
Registering precompiled user dll's ...
Registered in 0.006397 seconds.
Begin MonoManager ReloadAssembly
Native extension for WindowsStandalone target not found
Refreshing native plugins compatible for Editor in 0.33 ms, found 2 plugins.
Preloading 0 native plugins for Editor in 0.00 ms.
Mono: successfully reloaded assembly
- Completed reload, in  1.070 seconds
Domain Reload Profiling:
	ReloadAssembly (1071ms)
		BeginReloadAssembly (150ms)
			ExecutionOrderSort (0ms)
			DisableScriptedObjects (6ms)
			BackupInstance (0ms)
			ReleaseScriptingObjects (0ms)
			CreateAndSetChildDomain (22ms)
		EndReloadAssembly (860ms)
			LoadAssemblies (91ms)
			RebuildTransferFunctionScriptingTraits (0ms)
			SetupTypeCache (287ms)
			ReleaseScriptCaches (1ms)
			RebuildScriptCaches (56ms)
			SetupLoadedEditorAssemblies (331ms)
				LogAssemblyErrors (0ms)
				InitializePlatformSupportModulesInManaged (8ms)
				SetLoadedEditorAssemblies (0ms)
				RefreshPlugins (0ms)
				BeforeProcessingInitializeOnLoad (89ms)
				ProcessInitializeOnLoadAttributes (220ms)
				ProcessInitializeOnLoadMethodAttributes (8ms)
				AfterProcessingInitializeOnLoad (6ms)
				EditorAssembliesLoaded (0ms)
			ExecutionOrderSort2 (0ms)
			AwakeInstancesAfterBackupRestoration (8ms)
Platform modules already initialized, skipping
========================================================================
Worker process is ready to serve import requests
Launched and connected shader compiler UnityShaderCompiler.exe after 0.04 seconds
Refreshing native plugins compatible for Editor in 0.33 ms, found 2 plugins.
Preloading 0 native plugins for Editor in 0.00 ms.
Unloading 1618 Unused Serialized files (Serialized files now loaded: 0)
System memory in use before: 72.9 MB.
System memory in use after: 72.9 MB.

Unloading 22 unused Assets to reduce memory usage. Loaded Objects now: 2049.
Total: 3.202600 ms (FindLiveObjects: 0.280300 ms CreateObjectMapping: 0.129800 ms MarkObjects: 2.696700 ms  DeleteObjects: 0.094800 ms)

AssetImportParameters requested are different than current active one (requested -> active):
  custom:framework-win-MediaFoundation: 216162199b28c13a410421893ffa2e32 -> 
  custom:video-decoder-ogg-theora: a1e56fd34408186e4bbccfd4996cb3dc -> 
  custom:container-muxer-webm: aa71ff27fc2769a1b78a27578f13a17b -> 
  custom:container-demuxer-webm: 4f35f7cbe854078d1ac9338744f61a02 -> 
  custom:container-demuxer-ogg: 62fdf1f143b41e24485cea50d1cbac27 -> 
  custom:video-encoder-webm-vp8: eb34c28f22e8b96e1ab97ce403110664 -> 
  custom:video-decoder-webm-vp8: 9c59270c3fd7afecdb556c50c9e8de78 -> 
  custom:audio-decoder-ogg-vorbis: bf7c407c2cedff20999df2af8eb42d56 -> 
  custom:audio-encoder-webm-vorbis: bf7c407c2cedff20999df2af8eb42d56 -> 
========================================================================
Received Import Request.
  path: Assets/Photon/PhotonUnityNetworking/Resources/PhotonServerSettings.asset
  artifactKey: Guid(8ce2518cb08bfc64a997982793c6c1c7) Importer(815301076,1909f56bfc062723c751e8b465ee728b)
Start importing Assets/Photon/PhotonUnityNetworking/Resources/PhotonServerSettings.asset using Guid(8ce2518cb08bfc64a997982793c6c1c7) Importer(815301076,1909f56bfc062723c751e8b465ee728b)  -> (artifact id: '20dad63d81150be64d0fc89f35c94321') in 0.032387 seconds 
  Import took 0.034618 seconds .

========================================================================
Received Prepare
Registering precompiled user dll's ...
Registered in 0.004133 seconds.
Begin MonoManager ReloadAssembly
Native extension for WindowsStandalone target not found
Refreshing native plugins compatible for Editor in 0.47 ms, found 2 plugins.
Preloading 0 native plugins for Editor in 0.00 ms.
Mono: successfully reloaded assembly
- Completed reload, in  0.976 seconds
Domain Reload Profiling:
	ReloadAssembly (977ms)
		BeginReloadAssembly (117ms)
			ExecutionOrderSort (0ms)
			DisableScriptedObjects (5ms)
			BackupInstance (0ms)
			ReleaseScriptingObjects (0ms)
			CreateAndSetChildDomain (36ms)
		EndReloadAssembly (798ms)
			LoadAssemblies (90ms)
			RebuildTransferFunctionScriptingTraits (0ms)
			SetupTypeCache (273ms)
			ReleaseScriptCaches (1ms)
			RebuildScriptCaches (43ms)
			SetupLoadedEditorAssemblies (302ms)
				LogAssemblyErrors (0ms)
				InitializePlatformSupportModulesInManaged (5ms)
				SetLoadedEditorAssemblies (0ms)
				RefreshPlugins (1ms)
				BeforeProcessingInitializeOnLoad (77ms)
				ProcessInitializeOnLoadAttributes (206ms)
				ProcessInitializeOnLoadMethodAttributes (7ms)
				AfterProcessingInitializeOnLoad (6ms)
				EditorAssembliesLoaded (0ms)
			ExecutionOrderSort2 (0ms)
			AwakeInstancesAfterBackupRestoration (8ms)
Platform modules already initialized, skipping
Refreshing native plugins compatible for Editor in 0.93 ms, found 2 plugins.
Preloading 0 native plugins for Editor in 0.00 ms.
Unloading 1611 Unused Serialized files (Serialized files now loaded: 0)
System memory in use before: 72.6 MB.
System memory in use after: 72.7 MB.

Unloading 16 unused Assets to reduce memory usage. Loaded Objects now: 2052.
Total: 3.962600 ms (FindLiveObjects: 0.182500 ms CreateObjectMapping: 0.066300 ms MarkObjects: 3.685100 ms  DeleteObjects: 0.027100 ms)

AssetImportParameters requested are different than current active one (requested -> active):
  custom:framework-win-MediaFoundation: 216162199b28c13a410421893ffa2e32 -> 
  custom:video-decoder-ogg-theora: a1e56fd34408186e4bbccfd4996cb3dc -> 
  custom:container-muxer-webm: aa71ff27fc2769a1b78a27578f13a17b -> 
  custom:container-demuxer-webm: 4f35f7cbe854078d1ac9338744f61a02 -> 
  custom:container-demuxer-ogg: 62fdf1f143b41e24485cea50d1cbac27 -> 
  custom:video-encoder-webm-vp8: eb34c28f22e8b96e1ab97ce403110664 -> 
  custom:video-decoder-webm-vp8: 9c59270c3fd7afecdb556c50c9e8de78 -> 
  custom:audio-decoder-ogg-vorbis: bf7c407c2cedff20999df2af8eb42d56 -> 
  custom:audio-encoder-webm-vorbis: bf7c407c2cedff20999df2af8eb42d56 -> 
========================================================================
Received Prepare
Registering precompiled user dll's ...
Registered in 0.004459 seconds.
Begin MonoManager ReloadAssembly
Native extension for WindowsStandalone target not found
Refreshing native plugins compatible for Editor in 0.49 ms, found 2 plugins.
Preloading 0 native plugins for Editor in 0.00 ms.
Mono: successfully reloaded assembly
- Completed reload, in  0.856 seconds
Domain Reload Profiling:
	ReloadAssembly (857ms)
		BeginReloadAssembly (99ms)
			ExecutionOrderSort (0ms)
			DisableScriptedObjects (5ms)
			BackupInstance (0ms)
			ReleaseScriptingObjects (0ms)
			CreateAndSetChildDomain (30ms)
		EndReloadAssembly (705ms)
			LoadAssemblies (78ms)
			RebuildTransferFunctionScriptingTraits (0ms)
			SetupTypeCache (232ms)
			ReleaseScriptCaches (1ms)
			RebuildScriptCaches (38ms)
			SetupLoadedEditorAssemblies (273ms)
				LogAssemblyErrors (0ms)
				InitializePlatformSupportModulesInManaged (5ms)
				SetLoadedEditorAssemblies (1ms)
				RefreshPlugins (1ms)
				BeforeProcessingInitializeOnLoad (70ms)
				ProcessInitializeOnLoadAttributes (186ms)
				ProcessInitializeOnLoadMethodAttributes (5ms)
				AfterProcessingInitializeOnLoad (6ms)
				EditorAssembliesLoaded (0ms)
			ExecutionOrderSort2 (0ms)
			AwakeInstancesAfterBackupRestoration (6ms)
Platform modules already initialized, skipping
Refreshing native plugins compatible for Editor in 0.33 ms, found 2 plugins.
Preloading 0 native plugins for Editor in 0.00 ms.
Unloading 1611 Unused Serialized files (Serialized files now loaded: 0)
System memory in use before: 72.6 MB.
System memory in use after: 72.7 MB.

Unloading 16 unused Assets to reduce memory usage. Loaded Objects now: 2055.
Total: 3.323100 ms (FindLiveObjects: 0.146500 ms CreateObjectMapping: 0.051700 ms MarkObjects: 3.081500 ms  DeleteObjects: 0.042300 ms)

AssetImportParameters requested are different than current active one (requested -> active):
  custom:framework-win-MediaFoundation: 216162199b28c13a410421893ffa2e32 -> 
  custom:video-decoder-ogg-theora: a1e56fd34408186e4bbccfd4996cb3dc -> 
  custom:container-muxer-webm: aa71ff27fc2769a1b78a27578f13a17b -> 
  custom:container-demuxer-webm: 4f35f7cbe854078d1ac9338744f61a02 -> 
  custom:container-demuxer-ogg: 62fdf1f143b41e24485cea50d1cbac27 -> 
  custom:video-encoder-webm-vp8: eb34c28f22e8b96e1ab97ce403110664 -> 
  custom:video-decoder-webm-vp8: 9c59270c3fd7afecdb556c50c9e8de78 -> 
  custom:audio-decoder-ogg-vorbis: bf7c407c2cedff20999df2af8eb42d56 -> 
  custom:audio-encoder-webm-vorbis: bf7c407c2cedff20999df2af8eb42d56 -> 
========================================================================
Received Import Request.
  Time since last request: 847.819162 seconds.
  path: Assets/Scenes
  artifactKey: Guid(e904ef81f922cbb47a5f6559cfc4c51a) Importer(815301076,1909f56bfc062723c751e8b465ee728b)
Start importing Assets/Scenes using Guid(e904ef81f922cbb47a5f6559cfc4c51a) Importer(815301076,1909f56bfc062723c751e8b465ee728b)  -> (artifact id: 'ebd2d05e7b84bb0f3fcc7dabe692a30e') in 0.004285 seconds 
  Import took 0.007150 seconds .

========================================================================
Received Import Request.
  Time since last request: 20.791396 seconds.
  path: Assets/Scenes/Lobby.unity
  artifactKey: Guid(4ffcb76b010e55949ad4340a08aec5e8) Importer(815301076,1909f56bfc062723c751e8b465ee728b)
Start importing Assets/Scenes/Lobby.unity using Guid(4ffcb76b010e55949ad4340a08aec5e8) Importer(815301076,1909f56bfc062723c751e8b465ee728b)  -> (artifact id: '339c9e303522058b4b4cae95a7bb97ae') in 0.009546 seconds 
  Import took 0.012082 seconds .

========================================================================
Received Import Request.
  Time since last request: 5.460994 seconds.
  path: Assets/Scenes/Bo.cs
  artifactKey: Guid(966bd035f9529c54680b71d5f5e3e74f) Importer(815301076,1909f56bfc062723c751e8b465ee728b)
Start importing Assets/Scenes/Bo.cs using Guid(966bd035f9529c54680b71d5f5e3e74f) Importer(815301076,1909f56bfc062723c751e8b465ee728b)  -> (artifact id: '6dfd88e54196f3ae843ce84fd2ac87c0') in 0.005613 seconds 
  Import took 0.008272 seconds .

========================================================================
Received Prepare
Registering precompiled user dll's ...
Registered in 0.004220 seconds.
Begin MonoManager ReloadAssembly
Native extension for WindowsStandalone target not found
Refreshing native plugins compatible for Editor in 0.35 ms, found 2 plugins.
Preloading 0 native plugins for Editor in 0.00 ms.
Mono: successfully reloaded assembly
- Completed reload, in  0.911 seconds
Domain Reload Profiling:
	ReloadAssembly (912ms)
		BeginReloadAssembly (110ms)
			ExecutionOrderSort (0ms)
			DisableScriptedObjects (4ms)
			BackupInstance (0ms)
			ReleaseScriptingObjects (0ms)
			CreateAndSetChildDomain (31ms)
		EndReloadAssembly (742ms)
			LoadAssemblies (83ms)
			RebuildTransferFunctionScriptingTraits (0ms)
			SetupTypeCache (246ms)
			ReleaseScriptCaches (1ms)
			RebuildScriptCaches (41ms)
			SetupLoadedEditorAssemblies (286ms)
				LogAssemblyErrors (0ms)
				InitializePlatformSupportModulesInManaged (5ms)
				SetLoadedEditorAssemblies (0ms)
				RefreshPlugins (0ms)
				BeforeProcessingInitializeOnLoad (71ms)
				ProcessInitializeOnLoadAttributes (197ms)
				ProcessInitializeOnLoadMethodAttributes (6ms)
				AfterProcessingInitializeOnLoad (5ms)
				EditorAssembliesLoaded (0ms)
			ExecutionOrderSort2 (0ms)
			AwakeInstancesAfterBackupRestoration (6ms)
Platform modules already initialized, skipping
Refreshing native plugins compatible for Editor in 0.33 ms, found 2 plugins.
Preloading 0 native plugins for Editor in 0.00 ms.
Unloading 1612 Unused Serialized files (Serialized files now loaded: 0)
System memory in use before: 72.7 MB.
System memory in use after: 72.8 MB.

Unloading 16 unused Assets to reduce memory usage. Loaded Objects now: 2059.
Total: 2.383100 ms (FindLiveObjects: 0.146700 ms CreateObjectMapping: 0.050500 ms MarkObjects: 2.170800 ms  DeleteObjects: 0.014200 ms)

AssetImportParameters requested are different than current active one (requested -> active):
  custom:framework-win-MediaFoundation: 216162199b28c13a410421893ffa2e32 -> 
  custom:video-decoder-ogg-theora: a1e56fd34408186e4bbccfd4996cb3dc -> 
  custom:container-muxer-webm: aa71ff27fc2769a1b78a27578f13a17b -> 
  custom:container-demuxer-webm: 4f35f7cbe854078d1ac9338744f61a02 -> 
  custom:container-demuxer-ogg: 62fdf1f143b41e24485cea50d1cbac27 -> 
  custom:video-encoder-webm-vp8: eb34c28f22e8b96e1ab97ce403110664 -> 
  custom:video-decoder-webm-vp8: 9c59270c3fd7afecdb556c50c9e8de78 -> 
  custom:audio-decoder-ogg-vorbis: bf7c407c2cedff20999df2af8eb42d56 -> 
  custom:audio-encoder-webm-vorbis: bf7c407c2cedff20999df2af8eb42d56 -> 
========================================================================
Received Prepare
Registering precompiled user dll's ...
Registered in 0.004362 seconds.
Begin MonoManager ReloadAssembly
Native extension for WindowsStandalone target not found
Refreshing native plugins compatible for Editor in 0.32 ms, found 2 plugins.
Preloading 0 native plugins for Editor in 0.00 ms.
Mono: successfully reloaded assembly
- Completed reload, in  0.898 seconds
Domain Reload Profiling:
	ReloadAssembly (898ms)
		BeginReloadAssembly (110ms)
			ExecutionOrderSort (0ms)
			DisableScriptedObjects (4ms)
			BackupInstance (0ms)
			ReleaseScriptingObjects (0ms)
			CreateAndSetChildDomain (31ms)
		EndReloadAssembly (732ms)
			LoadAssemblies (89ms)
			RebuildTransferFunctionScriptingTraits (0ms)
			SetupTypeCache (254ms)
			ReleaseScriptCaches (1ms)
			RebuildScriptCaches (40ms)
			SetupLoadedEditorAssemblies (270ms)
				LogAssemblyErrors (0ms)
				InitializePlatformSupportModulesInManaged (5ms)
				SetLoadedEditorAssemblies (0ms)
				RefreshPlugins (0ms)
				BeforeProcessingInitializeOnLoad (71ms)
				ProcessInitializeOnLoadAttributes (183ms)
				ProcessInitializeOnLoadMethodAttributes (5ms)
				AfterProcessingInitializeOnLoad (5ms)
				EditorAssembliesLoaded (0ms)
			ExecutionOrderSort2 (0ms)
			AwakeInstancesAfterBackupRestoration (6ms)
Platform modules already initialized, skipping
Refreshing native plugins compatible for Editor in 0.34 ms, found 2 plugins.
Preloading 0 native plugins for Editor in 0.00 ms.
Unloading 1611 Unused Serialized files (Serialized files now loaded: 0)
System memory in use before: 72.7 MB.
System memory in use after: 72.8 MB.

Unloading 17 unused Assets to reduce memory usage. Loaded Objects now: 2061.
Total: 2.828000 ms (FindLiveObjects: 0.131800 ms CreateObjectMapping: 0.047300 ms MarkObjects: 2.632300 ms  DeleteObjects: 0.015800 ms)

AssetImportParameters requested are different than current active one (requested -> active):
  custom:framework-win-MediaFoundation: 216162199b28c13a410421893ffa2e32 -> 
  custom:video-decoder-ogg-theora: a1e56fd34408186e4bbccfd4996cb3dc -> 
  custom:container-muxer-webm: aa71ff27fc2769a1b78a27578f13a17b -> 
  custom:container-demuxer-webm: 4f35f7cbe854078d1ac9338744f61a02 -> 
  custom:container-demuxer-ogg: 62fdf1f143b41e24485cea50d1cbac27 -> 
  custom:video-encoder-webm-vp8: eb34c28f22e8b96e1ab97ce403110664 -> 
  custom:video-decoder-webm-vp8: 9c59270c3fd7afecdb556c50c9e8de78 -> 
  custom:audio-decoder-ogg-vorbis: bf7c407c2cedff20999df2af8eb42d56 -> 
  custom:audio-encoder-webm-vorbis: bf7c407c2cedff20999df2af8eb42d56 -> 
========================================================================
Received Import Request.
  Time since last request: 15.851292 seconds.
  path: Assets/Scenes/Board.unity
  artifactKey: Guid(61b5151f69a27334dbbd1d5f623611d4) Importer(815301076,1909f56bfc062723c751e8b465ee728b)
Start importing Assets/Scenes/Board.unity using Guid(61b5151f69a27334dbbd1d5f623611d4) Importer(815301076,1909f56bfc062723c751e8b465ee728b)  -> (artifact id: '661120bcb660399f1df2582171b9ca6e') in 0.012245 seconds 
  Import took 0.015239 seconds .

========================================================================
Received Import Request.
  Time since last request: 0.004068 seconds.
  path: Assets/Scenes/Board.unity
  artifactKey: Guid(61b5151f69a27334dbbd1d5f623611d4) Importer(815301076,1909f56bfc062723c751e8b465ee728b)
Start importing Assets/Scenes/Board.unity using Guid(61b5151f69a27334dbbd1d5f623611d4) Importer(815301076,1909f56bfc062723c751e8b465ee728b)  -> (artifact id: '661120bcb660399f1df2582171b9ca6e') in 0.002639 seconds 
  Import took 0.005024 seconds .

========================================================================
Received Import Request.
  Time since last request: 8.173825 seconds.
  path: Assets/Scenes/DeckBuilder.unity
  artifactKey: Guid(3f6348618a4057c4481923165f385b6f) Importer(815301076,1909f56bfc062723c751e8b465ee728b)
Start importing Assets/Scenes/DeckBuilder.unity using Guid(3f6348618a4057c4481923165f385b6f) Importer(815301076,1909f56bfc062723c751e8b465ee728b)  -> (artifact id: 'c486ad91d68abef9e246e811015acc34') in 0.003250 seconds 
  Import took 0.012834 seconds .

========================================================================
Received Import Request.
  Time since last request: 62.725306 seconds.
  path: Assets/Prefab
  artifactKey: Guid(2c075c44b5c00a046adf775f0556ecdf) Importer(815301076,1909f56bfc062723c751e8b465ee728b)
Start importing Assets/Prefab using Guid(2c075c44b5c00a046adf775f0556ecdf) Importer(815301076,1909f56bfc062723c751e8b465ee728b)  -> (artifact id: 'af659c7c2a91a3e9b073c63888207148') in 0.002083 seconds 
  Import took 0.004204 seconds .

========================================================================
Received Import Request.
  Time since last request: 0.875211 seconds.
  path: Assets/Photon
  artifactKey: Guid(98951132346795f438babe7a3183da43) Importer(815301076,1909f56bfc062723c751e8b465ee728b)
Start importing Assets/Photon using Guid(98951132346795f438babe7a3183da43) Importer(815301076,1909f56bfc062723c751e8b465ee728b)  -> (artifact id: 'f1844fb2484027392bdeedc942fd0b90') in 0.002654 seconds 
  Import took 0.004851 seconds .

========================================================================
Received Import Request.
  Time since last request: 5.472442 seconds.
  path: Assets/Prefab/CanvasLobby.prefab
  artifactKey: Guid(11fbbda9d51d72d49a01f5c25191c268) Importer(815301076,1909f56bfc062723c751e8b465ee728b)
Start importing Assets/Prefab/CanvasLobby.prefab using Guid(11fbbda9d51d72d49a01f5c25191c268) Importer(815301076,1909f56bfc062723c751e8b465ee728b)  -> (artifact id: '8c28f6cb6c04909b6590f3bef4fb0727') in 0.060059 seconds 
  Import took 0.062631 seconds .

========================================================================
Received Import Request.
  Time since last request: 0.006717 seconds.
  path: Assets/Prefab/CanvasLobby.prefab
  artifactKey: Guid(11fbbda9d51d72d49a01f5c25191c268) Importer(815301076,1909f56bfc062723c751e8b465ee728b)
Start importing Assets/Prefab/CanvasLobby.prefab using Guid(11fbbda9d51d72d49a01f5c25191c268) Importer(815301076,1909f56bfc062723c751e8b465ee728b)  -> (artifact id: '8c28f6cb6c04909b6590f3bef4fb0727') in 0.011727 seconds 
  Import took 0.014704 seconds .

========================================================================
Received Prepare
Registering precompiled user dll's ...
Registered in 0.004181 seconds.
Begin MonoManager ReloadAssembly
Native extension for WindowsStandalone target not found
Refreshing native plugins compatible for Editor in 0.64 ms, found 2 plugins.
Preloading 0 native plugins for Editor in 0.00 ms.
Mono: successfully reloaded assembly
- Completed reload, in  0.881 seconds
Domain Reload Profiling:
	ReloadAssembly (881ms)
		BeginReloadAssembly (105ms)
			ExecutionOrderSort (0ms)
			DisableScriptedObjects (5ms)
			BackupInstance (0ms)
			ReleaseScriptingObjects (0ms)
			CreateAndSetChildDomain (29ms)
		EndReloadAssembly (721ms)
			LoadAssemblies (80ms)
			RebuildTransferFunctionScriptingTraits (0ms)
			SetupTypeCache (237ms)
			ReleaseScriptCaches (1ms)
			RebuildScriptCaches (41ms)
			SetupLoadedEditorAssemblies (272ms)
				LogAssemblyErrors (0ms)
				InitializePlatformSupportModulesInManaged (5ms)
				SetLoadedEditorAssemblies (1ms)
				RefreshPlugins (1ms)
				BeforeProcessingInitializeOnLoad (71ms)
				ProcessInitializeOnLoadAttributes (183ms)
				ProcessInitializeOnLoadMethodAttributes (6ms)
				AfterProcessingInitializeOnLoad (6ms)
				EditorAssembliesLoaded (0ms)
			ExecutionOrderSort2 (0ms)
			AwakeInstancesAfterBackupRestoration (6ms)
Platform modules already initialized, skipping
Refreshing native plugins compatible for Editor in 0.35 ms, found 2 plugins.
Preloading 0 native plugins for Editor in 0.00 ms.
Unloading 1611 Unused Serialized files (Serialized files now loaded: 0)
System memory in use before: 72.7 MB.
System memory in use after: 72.9 MB.

Unloading 18 unused Assets to reduce memory usage. Loaded Objects now: 2064.
Total: 2.256400 ms (FindLiveObjects: 0.149700 ms CreateObjectMapping: 0.059400 ms MarkObjects: 2.026300 ms  DeleteObjects: 0.020300 ms)

AssetImportParameters requested are different than current active one (requested -> active):
  custom:framework-win-MediaFoundation: 216162199b28c13a410421893ffa2e32 -> 
  custom:video-decoder-ogg-theora: a1e56fd34408186e4bbccfd4996cb3dc -> 
  custom:container-muxer-webm: aa71ff27fc2769a1b78a27578f13a17b -> 
  custom:container-demuxer-webm: 4f35f7cbe854078d1ac9338744f61a02 -> 
  custom:container-demuxer-ogg: 62fdf1f143b41e24485cea50d1cbac27 -> 
  custom:video-encoder-webm-vp8: eb34c28f22e8b96e1ab97ce403110664 -> 
  custom:video-decoder-webm-vp8: 9c59270c3fd7afecdb556c50c9e8de78 -> 
  custom:audio-decoder-ogg-vorbis: bf7c407c2cedff20999df2af8eb42d56 -> 
  custom:audio-encoder-webm-vorbis: bf7c407c2cedff20999df2af8eb42d56 -> 
========================================================================
Received Import Request.
  Time since last request: 220.118035 seconds.
  path: Assets/Photon/PhotonUnityNetworking/Demos/DemoAsteroids/Scenes/DemoAsteroids-LobbyScene.unity
  artifactKey: Guid(c8a9d1312a49dc8488a9b32d83d659c7) Importer(815301076,1909f56bfc062723c751e8b465ee728b)
Start importing Assets/Photon/PhotonUnityNetworking/Demos/DemoAsteroids/Scenes/DemoAsteroids-LobbyScene.unity using Guid(c8a9d1312a49dc8488a9b32d83d659c7) Importer(815301076,1909f56bfc062723c751e8b465ee728b)  -> (artifact id: 'ab3ee87f6cc399cf5a4b5e9ba2fcbd1a') in 0.011272 seconds 
  Import took 0.013921 seconds .

========================================================================
Received Import Request.
  Time since last request: 20.615955 seconds.
  path: Assets/Scenes/Lobby.unity
  artifactKey: Guid(4ffcb76b010e55949ad4340a08aec5e8) Importer(815301076,1909f56bfc062723c751e8b465ee728b)
Start importing Assets/Scenes/Lobby.unity using Guid(4ffcb76b010e55949ad4340a08aec5e8) Importer(815301076,1909f56bfc062723c751e8b465ee728b)  -> (artifact id: '82e45d23d216be38e114eee47d8fe3bd') in 0.002596 seconds 
  Import took 0.005090 seconds .

========================================================================
Received Prepare
Registering precompiled user dll's ...
Registered in 0.004430 seconds.
Begin MonoManager ReloadAssembly
Native extension for WindowsStandalone target not found
Refreshing native plugins compatible for Editor in 0.45 ms, found 2 plugins.
Preloading 0 native plugins for Editor in 0.00 ms.
Mono: successfully reloaded assembly
- Completed reload, in  0.849 seconds
Domain Reload Profiling:
	ReloadAssembly (849ms)
		BeginReloadAssembly (101ms)
			ExecutionOrderSort (0ms)
			DisableScriptedObjects (5ms)
			BackupInstance (0ms)
			ReleaseScriptingObjects (0ms)
			CreateAndSetChildDomain (27ms)
		EndReloadAssembly (694ms)
			LoadAssemblies (78ms)
			RebuildTransferFunctionScriptingTraits (0ms)
			SetupTypeCache (230ms)
			ReleaseScriptCaches (1ms)
			RebuildScriptCaches (41ms)
			SetupLoadedEditorAssemblies (263ms)
				LogAssemblyErrors (0ms)
				InitializePlatformSupportModulesInManaged (5ms)
				SetLoadedEditorAssemblies (0ms)
				RefreshPlugins (1ms)
				BeforeProcessingInitializeOnLoad (69ms)
				ProcessInitializeOnLoadAttributes (177ms)
				ProcessInitializeOnLoadMethodAttributes (6ms)
				AfterProcessingInitializeOnLoad (5ms)
				EditorAssembliesLoaded (0ms)
			ExecutionOrderSort2 (0ms)
			AwakeInstancesAfterBackupRestoration (6ms)
Platform modules already initialized, skipping
Refreshing native plugins compatible for Editor in 0.34 ms, found 2 plugins.
Preloading 0 native plugins for Editor in 0.00 ms.
Unloading 1611 Unused Serialized files (Serialized files now loaded: 0)
System memory in use before: 72.8 MB.
System memory in use after: 72.9 MB.

Unloading 16 unused Assets to reduce memory usage. Loaded Objects now: 2067.
Total: 2.343600 ms (FindLiveObjects: 0.174200 ms CreateObjectMapping: 0.060500 ms MarkObjects: 2.094100 ms  DeleteObjects: 0.013700 ms)

AssetImportParameters requested are different than current active one (requested -> active):
  custom:framework-win-MediaFoundation: 216162199b28c13a410421893ffa2e32 -> 
  custom:video-decoder-ogg-theora: a1e56fd34408186e4bbccfd4996cb3dc -> 
  custom:container-muxer-webm: aa71ff27fc2769a1b78a27578f13a17b -> 
  custom:container-demuxer-webm: 4f35f7cbe854078d1ac9338744f61a02 -> 
  custom:container-demuxer-ogg: 62fdf1f143b41e24485cea50d1cbac27 -> 
  custom:video-encoder-webm-vp8: eb34c28f22e8b96e1ab97ce403110664 -> 
  custom:video-decoder-webm-vp8: 9c59270c3fd7afecdb556c50c9e8de78 -> 
  custom:audio-decoder-ogg-vorbis: bf7c407c2cedff20999df2af8eb42d56 -> 
  custom:audio-encoder-webm-vorbis: bf7c407c2cedff20999df2af8eb42d56 -> 
========================================================================
Received Prepare
Registering precompiled user dll's ...
Registered in 0.004659 seconds.
Begin MonoManager ReloadAssembly
Native extension for WindowsStandalone target not found
Refreshing native plugins compatible for Editor in 0.59 ms, found 2 plugins.
Preloading 0 native plugins for Editor in 0.00 ms.
Mono: successfully reloaded assembly
- Completed reload, in  1.089 seconds
Domain Reload Profiling:
	ReloadAssembly (1090ms)
		BeginReloadAssembly (137ms)
			ExecutionOrderSort (0ms)
			DisableScriptedObjects (5ms)
			BackupInstance (0ms)
			ReleaseScriptingObjects (0ms)
			CreateAndSetChildDomain (33ms)
		EndReloadAssembly (863ms)
			LoadAssemblies (113ms)
			RebuildTransferFunctionScriptingTraits (0ms)
			SetupTypeCache (297ms)
			ReleaseScriptCaches (1ms)
			RebuildScriptCaches (47ms)
			SetupLoadedEditorAssemblies (320ms)
				LogAssemblyErrors (0ms)
				InitializePlatformSupportModulesInManaged (6ms)
				SetLoadedEditorAssemblies (0ms)
				RefreshPlugins (1ms)
				BeforeProcessingInitializeOnLoad (84ms)
				ProcessInitializeOnLoadAttributes (215ms)
				ProcessInitializeOnLoadMethodAttributes (7ms)
				AfterProcessingInitializeOnLoad (6ms)
				EditorAssembliesLoaded (0ms)
			ExecutionOrderSort2 (0ms)
			AwakeInstancesAfterBackupRestoration (8ms)
Platform modules already initialized, skipping
Refreshing native plugins compatible for Editor in 0.45 ms, found 2 plugins.
Preloading 0 native plugins for Editor in 0.00 ms.
Unloading 1611 Unused Serialized files (Serialized files now loaded: 0)
System memory in use before: 72.8 MB.
System memory in use after: 72.9 MB.

Unloading 16 unused Assets to reduce memory usage. Loaded Objects now: 2070.
Total: 3.734400 ms (FindLiveObjects: 0.202500 ms CreateObjectMapping: 0.095700 ms MarkObjects: 3.396100 ms  DeleteObjects: 0.037900 ms)

AssetImportParameters requested are different than current active one (requested -> active):
  custom:framework-win-MediaFoundation: 216162199b28c13a410421893ffa2e32 -> 
  custom:video-decoder-ogg-theora: a1e56fd34408186e4bbccfd4996cb3dc -> 
  custom:container-muxer-webm: aa71ff27fc2769a1b78a27578f13a17b -> 
  custom:container-demuxer-webm: 4f35f7cbe854078d1ac9338744f61a02 -> 
  custom:container-demuxer-ogg: 62fdf1f143b41e24485cea50d1cbac27 -> 
  custom:video-encoder-webm-vp8: eb34c28f22e8b96e1ab97ce403110664 -> 
  custom:video-decoder-webm-vp8: 9c59270c3fd7afecdb556c50c9e8de78 -> 
  custom:audio-decoder-ogg-vorbis: bf7c407c2cedff20999df2af8eb42d56 -> 
  custom:audio-encoder-webm-vorbis: bf7c407c2cedff20999df2af8eb42d56 -> 
========================================================================
Received Import Request.
  Time since last request: 200.978332 seconds.
  path: Assets/Scenes/Lobby.unity
  artifactKey: Guid(4ffcb76b010e55949ad4340a08aec5e8) Importer(815301076,1909f56bfc062723c751e8b465ee728b)
Start importing Assets/Scenes/Lobby.unity using Guid(4ffcb76b010e55949ad4340a08aec5e8) Importer(815301076,1909f56bfc062723c751e8b465ee728b)  -> (artifact id: '567bbef28a530f6307f8c6bced8aaa25') in 0.011360 seconds 
  Import took 0.013675 seconds .

========================================================================
Received Import Request.
  Time since last request: 19.571752 seconds.
  path: Assets
  artifactKey: Guid(00000000000000001000000000000000) Importer(815301076,1909f56bfc062723c751e8b465ee728b)
Start importing Assets using Guid(00000000000000001000000000000000) Importer(815301076,1909f56bfc062723c751e8b465ee728b)  -> (artifact id: '42d402b061de3733987d63b9cc3b64de') in 0.002388 seconds 
  Import took 0.004592 seconds .

========================================================================
Received Import Request.
  Time since last request: 6.988166 seconds.
  path: Assets/Scripts
  artifactKey: Guid(72973abd6fb9da74db55f4d1fe430ed9) Importer(815301076,1909f56bfc062723c751e8b465ee728b)
Start importing Assets/Scripts using Guid(72973abd6fb9da74db55f4d1fe430ed9) Importer(815301076,1909f56bfc062723c751e8b465ee728b)  -> (artifact id: '0c63c20777aca276e1ab6812ecd5f8fb') in 0.002048 seconds 
  Import took 0.004479 seconds .

========================================================================
Received Import Request.
  Time since last request: 20.688889 seconds.
  path: Assets/Scripts/ExploracersLobby.cs
  artifactKey: Guid(44e3075cc76b4d944a18e05c58903294) Importer(815301076,1909f56bfc062723c751e8b465ee728b)
Start importing Assets/Scripts/ExploracersLobby.cs using Guid(44e3075cc76b4d944a18e05c58903294) Importer(815301076,1909f56bfc062723c751e8b465ee728b)  -> (artifact id: 'bf5450fc66b60ac0884e919346297f07') in 0.002325 seconds 
  Import took 0.004687 seconds .

========================================================================
Received Import Request.
  Time since last request: 12.365218 seconds.
  path: Assets/Scripts/ExploracersLobby.cs
  artifactKey: Guid(44e3075cc76b4d944a18e05c58903294) Importer(815301076,1909f56bfc062723c751e8b465ee728b)
Start importing Assets/Scripts/ExploracersLobby.cs using Guid(44e3075cc76b4d944a18e05c58903294) Importer(815301076,1909f56bfc062723c751e8b465ee728b)  -> (artifact id: '6b1d0d8810d24bf4bd70b3c60c02e2bb') in 0.001845 seconds 
  Import took 0.004180 seconds .

========================================================================
Received Import Request.
  Time since last request: 59.502992 seconds.
  path: Assets/Scripts/ExploracersLobby.cs
  artifactKey: Guid(44e3075cc76b4d944a18e05c58903294) Importer(815301076,1909f56bfc062723c751e8b465ee728b)
Start importing Assets/Scripts/ExploracersLobby.cs using Guid(44e3075cc76b4d944a18e05c58903294) Importer(815301076,1909f56bfc062723c751e8b465ee728b)  -> (artifact id: '2efa8de16f556774ee0fdf90ed10a4e5') in 0.001910 seconds 
  Import took 0.004234 seconds .

========================================================================
Received Prepare
Registering precompiled user dll's ...
Registered in 0.004212 seconds.
Begin MonoManager ReloadAssembly
Native extension for WindowsStandalone target not found
Refreshing native plugins compatible for Editor in 0.34 ms, found 2 plugins.
Preloading 0 native plugins for Editor in 0.00 ms.
Mono: successfully reloaded assembly
- Completed reload, in  0.936 seconds
Domain Reload Profiling:
	ReloadAssembly (936ms)
		BeginReloadAssembly (118ms)
			ExecutionOrderSort (0ms)
			DisableScriptedObjects (4ms)
			BackupInstance (0ms)
			ReleaseScriptingObjects (0ms)
			CreateAndSetChildDomain (32ms)
		EndReloadAssembly (762ms)
			LoadAssemblies (87ms)
			RebuildTransferFunctionScriptingTraits (0ms)
			SetupTypeCache (246ms)
			ReleaseScriptCaches (1ms)
			RebuildScriptCaches (47ms)
			SetupLoadedEditorAssemblies (303ms)
				LogAssemblyErrors (0ms)
				InitializePlatformSupportModulesInManaged (5ms)
				SetLoadedEditorAssemblies (0ms)
				RefreshPlugins (0ms)
				BeforeProcessingInitializeOnLoad (102ms)
				ProcessInitializeOnLoadAttributes (184ms)
				ProcessInitializeOnLoadMethodAttributes (5ms)
				AfterProcessingInitializeOnLoad (6ms)
				EditorAssembliesLoaded (0ms)
			ExecutionOrderSort2 (0ms)
			AwakeInstancesAfterBackupRestoration (6ms)
Platform modules already initialized, skipping
Refreshing native plugins compatible for Editor in 0.33 ms, found 2 plugins.
Preloading 0 native plugins for Editor in 0.00 ms.
Unloading 1612 Unused Serialized files (Serialized files now loaded: 0)
System memory in use before: 72.8 MB.
System memory in use after: 72.9 MB.

Unloading 16 unused Assets to reduce memory usage. Loaded Objects now: 2074.
Total: 2.570100 ms (FindLiveObjects: 0.135200 ms CreateObjectMapping: 0.046200 ms MarkObjects: 2.349400 ms  DeleteObjects: 0.038400 ms)

AssetImportParameters requested are different than current active one (requested -> active):
  custom:framework-win-MediaFoundation: 216162199b28c13a410421893ffa2e32 -> 
  custom:video-decoder-ogg-theora: a1e56fd34408186e4bbccfd4996cb3dc -> 
  custom:container-muxer-webm: aa71ff27fc2769a1b78a27578f13a17b -> 
  custom:container-demuxer-webm: 4f35f7cbe854078d1ac9338744f61a02 -> 
  custom:container-demuxer-ogg: 62fdf1f143b41e24485cea50d1cbac27 -> 
  custom:video-encoder-webm-vp8: eb34c28f22e8b96e1ab97ce403110664 -> 
  custom:video-decoder-webm-vp8: 9c59270c3fd7afecdb556c50c9e8de78 -> 
  custom:audio-decoder-ogg-vorbis: bf7c407c2cedff20999df2af8eb42d56 -> 
  custom:audio-encoder-webm-vorbis: bf7c407c2cedff20999df2af8eb42d56 -> 
========================================================================
Received Import Request.
  Time since last request: 26.527896 seconds.
  path: Assets/Scripts/ExploracersPlayerListEnry.cs
  artifactKey: Guid(7e50625a5778fc041a71c41ad7fb377f) Importer(815301076,1909f56bfc062723c751e8b465ee728b)
Start importing Assets/Scripts/ExploracersPlayerListEnry.cs using Guid(7e50625a5778fc041a71c41ad7fb377f) Importer(815301076,1909f56bfc062723c751e8b465ee728b)  -> (artifact id: '1c004c9c05f1a9a048638759e89591d4') in 0.005063 seconds 
  Import took 0.007284 seconds .

========================================================================
Received Import Request.
  Time since last request: 129.828105 seconds.
  path: Assets/Scripts/ExploracersPlayerListEntry.cs
  artifactKey: Guid(7e50625a5778fc041a71c41ad7fb377f) Importer(815301076,1909f56bfc062723c751e8b465ee728b)
Start importing Assets/Scripts/ExploracersPlayerListEntry.cs using Guid(7e50625a5778fc041a71c41ad7fb377f) Importer(815301076,1909f56bfc062723c751e8b465ee728b)  -> (artifact id: 'c23c6c84bbec58af5db15c827a12dc15') in 0.005525 seconds 
  Import took 0.022751 seconds .

========================================================================
Received Import Request.
  Time since last request: 0.296968 seconds.
  path: Assets/Scripts/ExploracersPlayerListEntry.cs
  artifactKey: Guid(7e50625a5778fc041a71c41ad7fb377f) Importer(815301076,1909f56bfc062723c751e8b465ee728b)
Start importing Assets/Scripts/ExploracersPlayerListEntry.cs using Guid(7e50625a5778fc041a71c41ad7fb377f) Importer(815301076,1909f56bfc062723c751e8b465ee728b)  -> (artifact id: '37de9a0145f3d3e4e938b6e06569dab7') in 0.001972 seconds 
  Import took 0.004313 seconds .

========================================================================
Received Import Request.
  Time since last request: 18.550954 seconds.
  path: Assets/Scripts/ExploracersGame.cs
  artifactKey: Guid(435ce8682f28e474285b955bd74d25bf) Importer(815301076,1909f56bfc062723c751e8b465ee728b)
Start importing Assets/Scripts/ExploracersGame.cs using Guid(435ce8682f28e474285b955bd74d25bf) Importer(815301076,1909f56bfc062723c751e8b465ee728b)  -> (artifact id: '0ec30db0462bbeaeb9f49670c97976f5') in 0.007860 seconds 
  Import took 0.010157 seconds .

========================================================================
Received Import Request.
  Time since last request: 43.550962 seconds.
  path: Assets/Scripts/ExploracersGame.cs
  artifactKey: Guid(435ce8682f28e474285b955bd74d25bf) Importer(815301076,1909f56bfc062723c751e8b465ee728b)
Start importing Assets/Scripts/ExploracersGame.cs using Guid(435ce8682f28e474285b955bd74d25bf) Importer(815301076,1909f56bfc062723c751e8b465ee728b)  -> (artifact id: 'd3431df923ac98fdb9b19c4f61066ac6') in 0.002711 seconds 
  Import took 0.005049 seconds .

========================================================================
Received Import Request.
  Time since last request: 36.088690 seconds.
  path: Assets/Scripts/ExploracersGame.cs
  artifactKey: Guid(435ce8682f28e474285b955bd74d25bf) Importer(815301076,1909f56bfc062723c751e8b465ee728b)
Start importing Assets/Scripts/ExploracersGame.cs using Guid(435ce8682f28e474285b955bd74d25bf) Importer(815301076,1909f56bfc062723c751e8b465ee728b)  -> (artifact id: 'f749cb9532ea3e03b347cbac0438a426') in 0.002124 seconds 
  Import took 0.004252 seconds .

========================================================================
Received Import Request.
  Time since last request: 91.255645 seconds.
  path: Assets/Photon/PhotonUnityNetworking/Demos/DemoAsteroids/Prefabs/PlayerListEntry.prefab
  artifactKey: Guid(d68bf8413681d9b4aa7328277e632e3f) Importer(815301076,1909f56bfc062723c751e8b465ee728b)
Start importing Assets/Photon/PhotonUnityNetworking/Demos/DemoAsteroids/Prefabs/PlayerListEntry.prefab using Guid(d68bf8413681d9b4aa7328277e632e3f) Importer(815301076,1909f56bfc062723c751e8b465ee728b)  -> (artifact id: '1f6dcf6522b3dba9a7b4791d07b8c86c') in 0.038843 seconds 
  Import took 0.041148 seconds .

========================================================================
Received Import Request.
  Time since last request: 2.186900 seconds.
  path: Assets/Photon/PhotonUnityNetworking/Demos/DemoAsteroids/Scripts/Lobby/PlayerListEntry.cs
  artifactKey: Guid(6b92420fa27b32d43a6a35af7781c5d8) Importer(815301076,1909f56bfc062723c751e8b465ee728b)
Start importing Assets/Photon/PhotonUnityNetworking/Demos/DemoAsteroids/Scripts/Lobby/PlayerListEntry.cs using Guid(6b92420fa27b32d43a6a35af7781c5d8) Importer(815301076,1909f56bfc062723c751e8b465ee728b)  -> (artifact id: '2ffe64a1a37fb7df9d6d284bf937dca8') in 0.002226 seconds 
  Import took 0.004480 seconds .

========================================================================
Received Import Request.
  Time since last request: 0.004747 seconds.
  path: Assets/Photon/PhotonUnityNetworking/Demos/DemoAsteroids/Scripts/Lobby/PlayerListEntry.cs
  artifactKey: Guid(6b92420fa27b32d43a6a35af7781c5d8) Importer(815301076,1909f56bfc062723c751e8b465ee728b)
Start importing Assets/Photon/PhotonUnityNetworking/Demos/DemoAsteroids/Scripts/Lobby/PlayerListEntry.cs using Guid(6b92420fa27b32d43a6a35af7781c5d8) Importer(815301076,1909f56bfc062723c751e8b465ee728b)  -> (artifact id: '2ffe64a1a37fb7df9d6d284bf937dca8') in 0.002077 seconds 
  Import took 0.004633 seconds .

========================================================================
Received Import Request.
  Time since last request: 209.736660 seconds.
  path: Assets/Photon/PhotonUnityNetworking/Demos/DemoAsteroids/Prefabs/RoomListEntry.prefab
  artifactKey: Guid(03c5e15309335324fba99d68e38cb08b) Importer(815301076,1909f56bfc062723c751e8b465ee728b)
Start importing Assets/Photon/PhotonUnityNetworking/Demos/DemoAsteroids/Prefabs/RoomListEntry.prefab using Guid(03c5e15309335324fba99d68e38cb08b) Importer(815301076,1909f56bfc062723c751e8b465ee728b)  -> (artifact id: '14146ac71037af2703afb62b2d0afd69') in 0.006678 seconds 
  Import took 0.009321 seconds .

========================================================================
Received Import Request.
  Time since last request: 3.043131 seconds.
  path: Assets/Photon/PhotonUnityNetworking/Demos/DemoAsteroids/Scripts/Lobby/RoomListEntry.cs
  artifactKey: Guid(40b744eae97c5fa47879a477d0f0b667) Importer(815301076,1909f56bfc062723c751e8b465ee728b)
Start importing Assets/Photon/PhotonUnityNetworking/Demos/DemoAsteroids/Scripts/Lobby/RoomListEntry.cs using Guid(40b744eae97c5fa47879a477d0f0b667) Importer(815301076,1909f56bfc062723c751e8b465ee728b)  -> (artifact id: '2990310db5762f882901c050b0d2cc34') in 0.002144 seconds 
  Import took 0.004499 seconds .

========================================================================
Received Import Request.
  Time since last request: 0.001707 seconds.
  path: Assets/Photon/PhotonUnityNetworking/Demos/DemoAsteroids/Scripts/Lobby/RoomListEntry.cs
  artifactKey: Guid(40b744eae97c5fa47879a477d0f0b667) Importer(815301076,1909f56bfc062723c751e8b465ee728b)
Start importing Assets/Photon/PhotonUnityNetworking/Demos/DemoAsteroids/Scripts/Lobby/RoomListEntry.cs using Guid(40b744eae97c5fa47879a477d0f0b667) Importer(815301076,1909f56bfc062723c751e8b465ee728b)  -> (artifact id: '2990310db5762f882901c050b0d2cc34') in 0.002207 seconds 
  Import took 0.004263 seconds .

========================================================================
Received Import Request.
  Time since last request: 151.858066 seconds.
  path: Assets/Scripts/ExploracersRoomListEntry.cs
  artifactKey: Guid(6269eb9cda4e4d74e840d43546905a9f) Importer(815301076,1909f56bfc062723c751e8b465ee728b)
Start importing Assets/Scripts/ExploracersRoomListEntry.cs using Guid(6269eb9cda4e4d74e840d43546905a9f) Importer(815301076,1909f56bfc062723c751e8b465ee728b)  -> (artifact id: 'f4e8772eb3b57cd3f827e3ba145f90ad') in 0.002238 seconds 
  Import took 0.004386 seconds .

========================================================================
Received Import Request.
  Time since last request: 44.171229 seconds.
  path: Assets/Scripts/ExploracersRoomListEntry.cs
  artifactKey: Guid(6269eb9cda4e4d74e840d43546905a9f) Importer(815301076,1909f56bfc062723c751e8b465ee728b)
Start importing Assets/Scripts/ExploracersRoomListEntry.cs using Guid(6269eb9cda4e4d74e840d43546905a9f) Importer(815301076,1909f56bfc062723c751e8b465ee728b)  -> (artifact id: '06f1e6fef78d40dab15601cdfe7d108f') in 0.002187 seconds 
  Import took 0.004624 seconds .

========================================================================
Received Prepare
Registering precompiled user dll's ...
Registered in 0.004623 seconds.
Begin MonoManager ReloadAssembly
Native extension for WindowsStandalone target not found
Refreshing native plugins compatible for Editor in 0.33 ms, found 2 plugins.
Preloading 0 native plugins for Editor in 0.00 ms.
Mono: successfully reloaded assembly
- Completed reload, in  0.912 seconds
Domain Reload Profiling:
	ReloadAssembly (913ms)
		BeginReloadAssembly (126ms)
			ExecutionOrderSort (0ms)
			DisableScriptedObjects (4ms)
			BackupInstance (0ms)
			ReleaseScriptingObjects (0ms)
			CreateAndSetChildDomain (49ms)
		EndReloadAssembly (731ms)
			LoadAssemblies (81ms)
			RebuildTransferFunctionScriptingTraits (0ms)
			SetupTypeCache (249ms)
			ReleaseScriptCaches (1ms)
			RebuildScriptCaches (42ms)
			SetupLoadedEditorAssemblies (273ms)
				LogAssemblyErrors (0ms)
				InitializePlatformSupportModulesInManaged (5ms)
				SetLoadedEditorAssemblies (0ms)
				RefreshPlugins (0ms)
				BeforeProcessingInitializeOnLoad (70ms)
				ProcessInitializeOnLoadAttributes (184ms)
				ProcessInitializeOnLoadMethodAttributes (7ms)
				AfterProcessingInitializeOnLoad (5ms)
				EditorAssembliesLoaded (0ms)
			ExecutionOrderSort2 (0ms)
			AwakeInstancesAfterBackupRestoration (6ms)
Platform modules already initialized, skipping
Refreshing native plugins compatible for Editor in 0.34 ms, found 2 plugins.
Preloading 0 native plugins for Editor in 0.00 ms.
Unloading 1615 Unused Serialized files (Serialized files now loaded: 0)
System memory in use before: 72.9 MB.
System memory in use after: 73.0 MB.

Unloading 16 unused Assets to reduce memory usage. Loaded Objects now: 2080.
Total: 2.508200 ms (FindLiveObjects: 0.148600 ms CreateObjectMapping: 0.047800 ms MarkObjects: 2.296800 ms  DeleteObjects: 0.014000 ms)

AssetImportParameters requested are different than current active one (requested -> active):
  custom:framework-win-MediaFoundation: 216162199b28c13a410421893ffa2e32 -> 
  custom:video-decoder-ogg-theora: a1e56fd34408186e4bbccfd4996cb3dc -> 
  custom:container-muxer-webm: aa71ff27fc2769a1b78a27578f13a17b -> 
  custom:container-demuxer-webm: 4f35f7cbe854078d1ac9338744f61a02 -> 
  custom:container-demuxer-ogg: 62fdf1f143b41e24485cea50d1cbac27 -> 
  custom:video-encoder-webm-vp8: eb34c28f22e8b96e1ab97ce403110664 -> 
  custom:video-decoder-webm-vp8: 9c59270c3fd7afecdb556c50c9e8de78 -> 
  custom:audio-decoder-ogg-vorbis: bf7c407c2cedff20999df2af8eb42d56 -> 
  custom:audio-encoder-webm-vorbis: bf7c407c2cedff20999df2af8eb42d56 -> 
========================================================================
Received Prepare
Registering precompiled user dll's ...
Registered in 0.005074 seconds.
Begin MonoManager ReloadAssembly
Native extension for WindowsStandalone target not found
Refreshing native plugins compatible for Editor in 0.40 ms, found 2 plugins.
Preloading 0 native plugins for Editor in 0.00 ms.
Mono: successfully reloaded assembly
- Completed reload, in  0.948 seconds
Domain Reload Profiling:
	ReloadAssembly (948ms)
		BeginReloadAssembly (103ms)
			ExecutionOrderSort (0ms)
			DisableScriptedObjects (5ms)
			BackupInstance (0ms)
			ReleaseScriptingObjects (0ms)
			CreateAndSetChildDomain (30ms)
		EndReloadAssembly (781ms)
			LoadAssemblies (84ms)
			RebuildTransferFunctionScriptingTraits (0ms)
			SetupTypeCache (274ms)
			ReleaseScriptCaches (1ms)
			RebuildScriptCaches (43ms)
			SetupLoadedEditorAssemblies (288ms)
				LogAssemblyErrors (0ms)
				InitializePlatformSupportModulesInManaged (5ms)
				SetLoadedEditorAssemblies (0ms)
				RefreshPlugins (0ms)
				BeforeProcessingInitializeOnLoad (76ms)
				ProcessInitializeOnLoadAttributes (194ms)
				ProcessInitializeOnLoadMethodAttributes (6ms)
				AfterProcessingInitializeOnLoad (6ms)
				EditorAssembliesLoaded (0ms)
			ExecutionOrderSort2 (0ms)
			AwakeInstancesAfterBackupRestoration (7ms)
Platform modules already initialized, skipping
Refreshing native plugins compatible for Editor in 0.52 ms, found 2 plugins.
Preloading 0 native plugins for Editor in 0.00 ms.
Unloading 1615 Unused Serialized files (Serialized files now loaded: 0)
System memory in use before: 72.9 MB.
System memory in use after: 73.0 MB.

Unloading 16 unused Assets to reduce memory usage. Loaded Objects now: 2083.
Total: 2.313200 ms (FindLiveObjects: 0.168200 ms CreateObjectMapping: 0.058200 ms MarkObjects: 2.071900 ms  DeleteObjects: 0.014000 ms)

AssetImportParameters requested are different than current active one (requested -> active):
  custom:framework-win-MediaFoundation: 216162199b28c13a410421893ffa2e32 -> 
  custom:video-decoder-ogg-theora: a1e56fd34408186e4bbccfd4996cb3dc -> 
  custom:container-muxer-webm: aa71ff27fc2769a1b78a27578f13a17b -> 
  custom:container-demuxer-webm: 4f35f7cbe854078d1ac9338744f61a02 -> 
  custom:container-demuxer-ogg: 62fdf1f143b41e24485cea50d1cbac27 -> 
  custom:video-encoder-webm-vp8: eb34c28f22e8b96e1ab97ce403110664 -> 
  custom:video-decoder-webm-vp8: 9c59270c3fd7afecdb556c50c9e8de78 -> 
  custom:audio-decoder-ogg-vorbis: bf7c407c2cedff20999df2af8eb42d56 -> 
  custom:audio-encoder-webm-vorbis: bf7c407c2cedff20999df2af8eb42d56 -> 
========================================================================
Received Import Request.
  Time since last request: 174.482366 seconds.
  path: Assets/Photon/PhotonUnityNetworking/Demos/DemoAsteroids/Prefabs/Bullet.prefab
  artifactKey: Guid(5624ee9da9d10514ea7b808e83979c85) Importer(815301076,1909f56bfc062723c751e8b465ee728b)
Start importing Assets/Photon/PhotonUnityNetworking/Demos/DemoAsteroids/Prefabs/Bullet.prefab using Guid(5624ee9da9d10514ea7b808e83979c85) Importer(815301076,1909f56bfc062723c751e8b465ee728b)  -> (artifact id: '99e76a9216216f9b646a912477bc7563') in 0.109225 seconds 
  Import took 0.112078 seconds .

========================================================================
Received Import Request.
  Time since last request: 0.000165 seconds.
  path: Assets/Photon/PhotonUnityNetworking/Demos/DemoAsteroids/Prefabs/PlayerOverviewEntry.prefab
  artifactKey: Guid(f03d1c686a26a1d4da99a4186b0bb1ab) Importer(815301076,1909f56bfc062723c751e8b465ee728b)
Start importing Assets/Photon/PhotonUnityNetworking/Demos/DemoAsteroids/Prefabs/PlayerOverviewEntry.prefab using Guid(f03d1c686a26a1d4da99a4186b0bb1ab) Importer(815301076,1909f56bfc062723c751e8b465ee728b)  -> (artifact id: '16a637af20fe52303d0e6baf16f28f60') in 0.010494 seconds 
  Import took 0.012881 seconds .

========================================================================
Received Import Request.
  Time since last request: 0.000152 seconds.
  path: Assets/Photon/PhotonUnityNetworking/Demos/DemoAsteroids/Prefabs/Bullet.prefab
  artifactKey: Guid(5624ee9da9d10514ea7b808e83979c85) Importer(815301076,1909f56bfc062723c751e8b465ee728b)
Start importing Assets/Photon/PhotonUnityNetworking/Demos/DemoAsteroids/Prefabs/Bullet.prefab using Guid(5624ee9da9d10514ea7b808e83979c85) Importer(815301076,1909f56bfc062723c751e8b465ee728b)  -> (artifact id: '99e76a9216216f9b646a912477bc7563') in 0.009225 seconds 
  Import took 0.011458 seconds .

========================================================================
Received Import Request.
  Time since last request: 0.000131 seconds.
  path: Assets/Photon/PhotonUnityNetworking/Demos/DemoAsteroids/Prefabs/PlayerOverviewEntry.prefab
  artifactKey: Guid(f03d1c686a26a1d4da99a4186b0bb1ab) Importer(815301076,1909f56bfc062723c751e8b465ee728b)
Start importing Assets/Photon/PhotonUnityNetworking/Demos/DemoAsteroids/Prefabs/PlayerOverviewEntry.prefab using Guid(f03d1c686a26a1d4da99a4186b0bb1ab) Importer(815301076,1909f56bfc062723c751e8b465ee728b)  -> (artifact id: '16a637af20fe52303d0e6baf16f28f60') in 0.005071 seconds 
  Import took 0.007384 seconds .

========================================================================
Received Import Request.
  Time since last request: 24.618561 seconds.
  path: Assets/Photon/PhotonUnityNetworking/Demos/DemoAsteroids/Scripts/Lobby/LobbyMainPanel.cs
  artifactKey: Guid(84fd812a67908014cb408f749ca7a55e) Importer(815301076,1909f56bfc062723c751e8b465ee728b)
Start importing Assets/Photon/PhotonUnityNetworking/Demos/DemoAsteroids/Scripts/Lobby/LobbyMainPanel.cs using Guid(84fd812a67908014cb408f749ca7a55e) Importer(815301076,1909f56bfc062723c751e8b465ee728b)  -> (artifact id: '15d38810224c5ca15018097bd251a7ff') in 0.002392 seconds 
  Import took 0.004683 seconds .

========================================================================
Received Import Request.
  Time since last request: 0.006592 seconds.
  path: Assets/Photon/PhotonUnityNetworking/Demos/DemoAsteroids/Scripts/Lobby/LobbyMainPanel.cs
  artifactKey: Guid(84fd812a67908014cb408f749ca7a55e) Importer(815301076,1909f56bfc062723c751e8b465ee728b)
Start importing Assets/Photon/PhotonUnityNetworking/Demos/DemoAsteroids/Scripts/Lobby/LobbyMainPanel.cs using Guid(84fd812a67908014cb408f749ca7a55e) Importer(815301076,1909f56bfc062723c751e8b465ee728b)  -> (artifact id: '15d38810224c5ca15018097bd251a7ff') in 0.001828 seconds 
  Import took 0.004393 seconds .

========================================================================
Received Import Request.
  Time since last request: 57.978114 seconds.
  path: Assets/Prefab/PlayerListEntry.prefab
  artifactKey: Guid(be1fc4f6db3f9f24aa61b2d61748440d) Importer(815301076,1909f56bfc062723c751e8b465ee728b)
Start importing Assets/Prefab/PlayerListEntry.prefab using Guid(be1fc4f6db3f9f24aa61b2d61748440d) Importer(815301076,1909f56bfc062723c751e8b465ee728b)  -> (artifact id: '5cbb7d5e7bdbb7fc73d73c0153e0610f') in 0.014559 seconds 
  Import took 0.016944 seconds .

========================================================================
Received Import Request.
  Time since last request: 8.830117 seconds.
  path: Assets/Prefab/ExploracersPlayerListEntry.prefab
  artifactKey: Guid(be1fc4f6db3f9f24aa61b2d61748440d) Importer(815301076,1909f56bfc062723c751e8b465ee728b)
Start importing Assets/Prefab/ExploracersPlayerListEntry.prefab using Guid(be1fc4f6db3f9f24aa61b2d61748440d) Importer(815301076,1909f56bfc062723c751e8b465ee728b)  -> (artifact id: '13a7a755fc0271fd0e56d662d7ff8ace') in 0.005625 seconds 
  Import took 0.007948 seconds .

========================================================================
Received Import Request.
  Time since last request: 0.013749 seconds.
  path: Assets/Prefab/ExploracersPlayerListEntry.prefab
  artifactKey: Guid(be1fc4f6db3f9f24aa61b2d61748440d) Importer(815301076,1909f56bfc062723c751e8b465ee728b)
Start importing Assets/Prefab/ExploracersPlayerListEntry.prefab using Guid(be1fc4f6db3f9f24aa61b2d61748440d) Importer(815301076,1909f56bfc062723c751e8b465ee728b)  -> (artifact id: '13a7a755fc0271fd0e56d662d7ff8ace') in 0.007542 seconds 
  Import took 0.010570 seconds .

========================================================================
Received Import Request.
  Time since last request: 8.011906 seconds.
  path: Assets/Prefab/ExploracersPlayerListEntry.prefab
  artifactKey: Guid(be1fc4f6db3f9f24aa61b2d61748440d) Importer(815301076,1909f56bfc062723c751e8b465ee728b)
Start importing Assets/Prefab/ExploracersPlayerListEntry.prefab using Guid(be1fc4f6db3f9f24aa61b2d61748440d) Importer(815301076,1909f56bfc062723c751e8b465ee728b)  -> (artifact id: 'ba9c8d7c1ff7bba177d1b0c183758bc9') in 0.007295 seconds 
  Import took 0.011183 seconds .

========================================================================
Received Import Request.
  Time since last request: 0.012692 seconds.
  path: Assets/Prefab/ExploracersPlayerListEntry.prefab
  artifactKey: Guid(be1fc4f6db3f9f24aa61b2d61748440d) Importer(815301076,1909f56bfc062723c751e8b465ee728b)
Start importing Assets/Prefab/ExploracersPlayerListEntry.prefab using Guid(be1fc4f6db3f9f24aa61b2d61748440d) Importer(815301076,1909f56bfc062723c751e8b465ee728b)  -> (artifact id: 'ba9c8d7c1ff7bba177d1b0c183758bc9') in 0.009913 seconds 
  Import took 0.013659 seconds .

========================================================================
Received Import Request.
  Time since last request: 5.839099 seconds.
  path: Assets/Prefab/ExploracersPlayerListEntry.prefab
  artifactKey: Guid(be1fc4f6db3f9f24aa61b2d61748440d) Importer(815301076,1909f56bfc062723c751e8b465ee728b)
Start importing Assets/Prefab/ExploracersPlayerListEntry.prefab using Guid(be1fc4f6db3f9f24aa61b2d61748440d) Importer(815301076,1909f56bfc062723c751e8b465ee728b)  -> (artifact id: '7904473e92ddbd27c1897a471ab5d623') in 0.006698 seconds 
  Import took 0.009270 seconds .

========================================================================
Received Import Request.
  Time since last request: 4.268011 seconds.
  path: Assets/Prefab/ExploracersPlayerListEntry.prefab
  artifactKey: Guid(be1fc4f6db3f9f24aa61b2d61748440d) Importer(815301076,1909f56bfc062723c751e8b465ee728b)
Start importing Assets/Prefab/ExploracersPlayerListEntry.prefab using Guid(be1fc4f6db3f9f24aa61b2d61748440d) Importer(815301076,1909f56bfc062723c751e8b465ee728b)  -> (artifact id: '441670a07ad8bd4c6e264d8986bdf5a6') in 0.007046 seconds 
  Import took 0.012074 seconds .

========================================================================
Received Import Request.
  Time since last request: 2.558185 seconds.
  path: Assets/Prefab/ExploracersPlayerListEntry.prefab
  artifactKey: Guid(be1fc4f6db3f9f24aa61b2d61748440d) Importer(815301076,1909f56bfc062723c751e8b465ee728b)
Start importing Assets/Prefab/ExploracersPlayerListEntry.prefab using Guid(be1fc4f6db3f9f24aa61b2d61748440d) Importer(815301076,1909f56bfc062723c751e8b465ee728b)  -> (artifact id: '889452f534f8fe396e92992f5e253901') in 0.006887 seconds 
  Import took 0.010281 seconds .

========================================================================
Received Import Request.
  Time since last request: 3.079088 seconds.
  path: Assets/Prefab/ExploracersPlayerListEntry.prefab
  artifactKey: Guid(be1fc4f6db3f9f24aa61b2d61748440d) Importer(815301076,1909f56bfc062723c751e8b465ee728b)
Start importing Assets/Prefab/ExploracersPlayerListEntry.prefab using Guid(be1fc4f6db3f9f24aa61b2d61748440d) Importer(815301076,1909f56bfc062723c751e8b465ee728b)  -> (artifact id: '22b6644b2a1825419f71c991e6d6c0c5') in 0.007352 seconds 
  Import took 0.010688 seconds .

========================================================================
Received Import Request.
  Time since last request: 65.757375 seconds.
  path: Assets/Photon/PhotonUnityNetworking/Demos/DemoAsteroids/Prefabs
  artifactKey: Guid(bec40e338146dc14592b49339a98d089) Importer(815301076,1909f56bfc062723c751e8b465ee728b)
Start importing Assets/Photon/PhotonUnityNetworking/Demos/DemoAsteroids/Prefabs using Guid(bec40e338146dc14592b49339a98d089) Importer(815301076,1909f56bfc062723c751e8b465ee728b)  -> (artifact id: '6d7c1bfb57721f80b13bb559286ebf10') in 0.002740 seconds 
  Import took 0.005561 seconds .

========================================================================
Received Import Request.
  Time since last request: 13.868630 seconds.
  path: Assets/Prefab/ExploracersPlayerListEntry.prefab
  artifactKey: Guid(be1fc4f6db3f9f24aa61b2d61748440d) Importer(815301076,1909f56bfc062723c751e8b465ee728b)
Start importing Assets/Prefab/ExploracersPlayerListEntry.prefab using Guid(be1fc4f6db3f9f24aa61b2d61748440d) Importer(815301076,1909f56bfc062723c751e8b465ee728b)  -> (artifact id: 'fe9ec8e067f923a865aa91b349eb845b') in 0.005053 seconds 
  Import took 0.007311 seconds .

========================================================================
Received Import Request.
  Time since last request: 0.000123 seconds.
  path: Assets/Prefab/RoomListEntry.prefab
  artifactKey: Guid(279b386442945d741925545057d2e0ca) Importer(815301076,1909f56bfc062723c751e8b465ee728b)
Start importing Assets/Prefab/RoomListEntry.prefab using Guid(279b386442945d741925545057d2e0ca) Importer(815301076,1909f56bfc062723c751e8b465ee728b)  -> (artifact id: '912f0566252704b7240382baf4a195d5') in 0.006111 seconds 
  Import took 0.008356 seconds .

========================================================================
Received Import Request.
  Time since last request: 7.070224 seconds.
  path: Assets/Prefab/ExploracersRoomListEntry.prefab
  artifactKey: Guid(279b386442945d741925545057d2e0ca) Importer(815301076,1909f56bfc062723c751e8b465ee728b)
Start importing Assets/Prefab/ExploracersRoomListEntry.prefab using Guid(279b386442945d741925545057d2e0ca) Importer(815301076,1909f56bfc062723c751e8b465ee728b)  -> (artifact id: '1c6e0c0bdfe6f78f1075febdcd15e36f') in 0.006499 seconds 
  Import took 0.009243 seconds .

========================================================================
Received Import Request.
  Time since last request: 0.013049 seconds.
  path: Assets/Prefab/ExploracersRoomListEntry.prefab
  artifactKey: Guid(279b386442945d741925545057d2e0ca) Importer(815301076,1909f56bfc062723c751e8b465ee728b)
Start importing Assets/Prefab/ExploracersRoomListEntry.prefab using Guid(279b386442945d741925545057d2e0ca) Importer(815301076,1909f56bfc062723c751e8b465ee728b)  -> (artifact id: '1c6e0c0bdfe6f78f1075febdcd15e36f') in 0.005214 seconds 
  Import took 0.007634 seconds .

========================================================================
Received Import Request.
  Time since last request: 10.266849 seconds.
  path: Assets/Prefab/ExploracersRoomListEntry.prefab
  artifactKey: Guid(279b386442945d741925545057d2e0ca) Importer(815301076,1909f56bfc062723c751e8b465ee728b)
Start importing Assets/Prefab/ExploracersRoomListEntry.prefab using Guid(279b386442945d741925545057d2e0ca) Importer(815301076,1909f56bfc062723c751e8b465ee728b)  -> (artifact id: 'ea70ee41f12c8bfa70cc81714e42dcde') in 0.006860 seconds 
  Import took 0.009458 seconds .

========================================================================
Received Import Request.
  Time since last request: 4.097441 seconds.
  path: Assets/Prefab/ExploracersRoomListEntry.prefab
  artifactKey: Guid(279b386442945d741925545057d2e0ca) Importer(815301076,1909f56bfc062723c751e8b465ee728b)
Start importing Assets/Prefab/ExploracersRoomListEntry.prefab using Guid(279b386442945d741925545057d2e0ca) Importer(815301076,1909f56bfc062723c751e8b465ee728b)  -> (artifact id: '3c6b0ee58cef83f091750c4cf8d6de9f') in 0.007054 seconds 
  Import took 0.012967 seconds .

========================================================================
Received Import Request.
  Time since last request: 3.019688 seconds.
  path: Assets/Prefab/ExploracersRoomListEntry.prefab
  artifactKey: Guid(279b386442945d741925545057d2e0ca) Importer(815301076,1909f56bfc062723c751e8b465ee728b)
Start importing Assets/Prefab/ExploracersRoomListEntry.prefab using Guid(279b386442945d741925545057d2e0ca) Importer(815301076,1909f56bfc062723c751e8b465ee728b)  -> (artifact id: 'e8e655adb86e94ae10d0d1ac9ab48670') in 0.005994 seconds 
  Import took 0.008406 seconds .

========================================================================
Received Import Request.
  Time since last request: 3.073063 seconds.
  path: Assets/Prefab/ExploracersRoomListEntry.prefab
  artifactKey: Guid(279b386442945d741925545057d2e0ca) Importer(815301076,1909f56bfc062723c751e8b465ee728b)
Start importing Assets/Prefab/ExploracersRoomListEntry.prefab using Guid(279b386442945d741925545057d2e0ca) Importer(815301076,1909f56bfc062723c751e8b465ee728b)  -> (artifact id: 'a9cae2ee15f82d853dee501df01019b4') in 0.007330 seconds 
  Import took 0.010500 seconds .

========================================================================
Received Import Request.
  Time since last request: 1.846550 seconds.
  path: Assets/Prefab/ExploracersRoomListEntry.prefab
  artifactKey: Guid(279b386442945d741925545057d2e0ca) Importer(815301076,1909f56bfc062723c751e8b465ee728b)
Start importing Assets/Prefab/ExploracersRoomListEntry.prefab using Guid(279b386442945d741925545057d2e0ca) Importer(815301076,1909f56bfc062723c751e8b465ee728b)  -> (artifact id: 'b18ef0454ec5bc5b5b5262f6ee29c206') in 0.006565 seconds 
  Import took 0.010032 seconds .

========================================================================
Received Prepare
Registering precompiled user dll's ...
Registered in 0.004657 seconds.
Begin MonoManager ReloadAssembly
Native extension for WindowsStandalone target not found
Refreshing native plugins compatible for Editor in 0.73 ms, found 2 plugins.
Preloading 0 native plugins for Editor in 0.00 ms.
Mono: successfully reloaded assembly
- Completed reload, in  1.030 seconds
Domain Reload Profiling:
	ReloadAssembly (1031ms)
		BeginReloadAssembly (132ms)
			ExecutionOrderSort (0ms)
			DisableScriptedObjects (5ms)
			BackupInstance (0ms)
			ReleaseScriptingObjects (0ms)
			CreateAndSetChildDomain (43ms)
		EndReloadAssembly (835ms)
			LoadAssemblies (96ms)
			RebuildTransferFunctionScriptingTraits (0ms)
			SetupTypeCache (281ms)
			ReleaseScriptCaches (1ms)
			RebuildScriptCaches (45ms)
			SetupLoadedEditorAssemblies (319ms)
				LogAssemblyErrors (0ms)
				InitializePlatformSupportModulesInManaged (5ms)
				SetLoadedEditorAssemblies (4ms)
				RefreshPlugins (1ms)
				BeforeProcessingInitializeOnLoad (79ms)
				ProcessInitializeOnLoadAttributes (217ms)
				ProcessInitializeOnLoadMethodAttributes (7ms)
				AfterProcessingInitializeOnLoad (6ms)
				EditorAssembliesLoaded (0ms)
			ExecutionOrderSort2 (0ms)
			AwakeInstancesAfterBackupRestoration (7ms)
Platform modules already initialized, skipping
Refreshing native plugins compatible for Editor in 0.53 ms, found 2 plugins.
Preloading 0 native plugins for Editor in 0.00 ms.
Unloading 1615 Unused Serialized files (Serialized files now loaded: 0)
System memory in use before: 76.0 MB.
System memory in use after: 76.1 MB.

Unloading 16 unused Assets to reduce memory usage. Loaded Objects now: 2094.
Total: 3.273200 ms (FindLiveObjects: 0.190300 ms CreateObjectMapping: 0.092200 ms MarkObjects: 2.969600 ms  DeleteObjects: 0.019400 ms)

AssetImportParameters requested are different than current active one (requested -> active):
  custom:framework-win-MediaFoundation: 216162199b28c13a410421893ffa2e32 -> 
  custom:video-decoder-ogg-theora: a1e56fd34408186e4bbccfd4996cb3dc -> 
  custom:container-muxer-webm: aa71ff27fc2769a1b78a27578f13a17b -> 
  custom:container-demuxer-webm: 4f35f7cbe854078d1ac9338744f61a02 -> 
  custom:container-demuxer-ogg: 62fdf1f143b41e24485cea50d1cbac27 -> 
  custom:video-encoder-webm-vp8: eb34c28f22e8b96e1ab97ce403110664 -> 
  custom:video-decoder-webm-vp8: 9c59270c3fd7afecdb556c50c9e8de78 -> 
  custom:audio-decoder-ogg-vorbis: bf7c407c2cedff20999df2af8eb42d56 -> 
  custom:audio-encoder-webm-vorbis: bf7c407c2cedff20999df2af8eb42d56 -> 
========================================================================
Received Import Request.
  Time since last request: 310.145806 seconds.
  path: Assets/Scenes/Lobby.unity
  artifactKey: Guid(4ffcb76b010e55949ad4340a08aec5e8) Importer(815301076,1909f56bfc062723c751e8b465ee728b)
Start importing Assets/Scenes/Lobby.unity using Guid(4ffcb76b010e55949ad4340a08aec5e8) Importer(815301076,1909f56bfc062723c751e8b465ee728b)  -> (artifact id: 'b7ac34844d96a542401920cfbd23cf0f') in 0.011150 seconds 
  Import took 0.015931 seconds .

========================================================================
Received Import Request.
  Time since last request: 15.725896 seconds.
  path: Assets/Prefab/ExploracersCanvasLobby.prefab
  artifactKey: Guid(a405dc0d0ae7451468c1f9f56f8d2263) Importer(815301076,1909f56bfc062723c751e8b465ee728b)
Start importing Assets/Prefab/ExploracersCanvasLobby.prefab using Guid(a405dc0d0ae7451468c1f9f56f8d2263) Importer(815301076,1909f56bfc062723c751e8b465ee728b)  -> (artifact id: 'a3321a4e9c52ce1f16390d0e04dfd095') in 0.056515 seconds 
  Import took 0.059366 seconds .

========================================================================
Received Import Request.
  Time since last request: 0.004149 seconds.
  path: Assets/Prefab/ExploracersCanvasLobby.prefab
  artifactKey: Guid(a405dc0d0ae7451468c1f9f56f8d2263) Importer(815301076,1909f56bfc062723c751e8b465ee728b)
Start importing Assets/Prefab/ExploracersCanvasLobby.prefab using Guid(a405dc0d0ae7451468c1f9f56f8d2263) Importer(815301076,1909f56bfc062723c751e8b465ee728b)  -> (artifact id: 'a3321a4e9c52ce1f16390d0e04dfd095') in 0.012417 seconds 
  Import took 0.015100 seconds .

========================================================================
Received Prepare
Registering precompiled user dll's ...
Registered in 0.004461 seconds.
Begin MonoManager ReloadAssembly
Native extension for WindowsStandalone target not found
Refreshing native plugins compatible for Editor in 0.33 ms, found 2 plugins.
Preloading 0 native plugins for Editor in 0.00 ms.
Mono: successfully reloaded assembly
- Completed reload, in  0.908 seconds
Domain Reload Profiling:
	ReloadAssembly (908ms)
		BeginReloadAssembly (102ms)
			ExecutionOrderSort (0ms)
			DisableScriptedObjects (5ms)
			BackupInstance (0ms)
			ReleaseScriptingObjects (0ms)
			CreateAndSetChildDomain (32ms)
		EndReloadAssembly (733ms)
			LoadAssemblies (84ms)
			RebuildTransferFunctionScriptingTraits (0ms)
			SetupTypeCache (239ms)
			ReleaseScriptCaches (1ms)
			RebuildScriptCaches (42ms)
			SetupLoadedEditorAssemblies (281ms)
				LogAssemblyErrors (0ms)
				InitializePlatformSupportModulesInManaged (5ms)
				SetLoadedEditorAssemblies (0ms)
				RefreshPlugins (0ms)
				BeforeProcessingInitializeOnLoad (73ms)
				ProcessInitializeOnLoadAttributes (191ms)
				ProcessInitializeOnLoadMethodAttributes (5ms)
				AfterProcessingInitializeOnLoad (5ms)
				EditorAssembliesLoaded (0ms)
			ExecutionOrderSort2 (0ms)
			AwakeInstancesAfterBackupRestoration (6ms)
Platform modules already initialized, skipping
Refreshing native plugins compatible for Editor in 0.33 ms, found 2 plugins.
Preloading 0 native plugins for Editor in 0.00 ms.
Unloading 1615 Unused Serialized files (Serialized files now loaded: 0)
System memory in use before: 76.1 MB.
System memory in use after: 76.2 MB.

Unloading 18 unused Assets to reduce memory usage. Loaded Objects now: 2097.
Total: 3.943600 ms (FindLiveObjects: 0.154800 ms CreateObjectMapping: 0.047500 ms MarkObjects: 3.711300 ms  DeleteObjects: 0.028800 ms)

AssetImportParameters requested are different than current active one (requested -> active):
  custom:framework-win-MediaFoundation: 216162199b28c13a410421893ffa2e32 -> 
  custom:video-decoder-ogg-theora: a1e56fd34408186e4bbccfd4996cb3dc -> 
  custom:container-muxer-webm: aa71ff27fc2769a1b78a27578f13a17b -> 
  custom:container-demuxer-webm: 4f35f7cbe854078d1ac9338744f61a02 -> 
  custom:container-demuxer-ogg: 62fdf1f143b41e24485cea50d1cbac27 -> 
  custom:video-encoder-webm-vp8: eb34c28f22e8b96e1ab97ce403110664 -> 
  custom:video-decoder-webm-vp8: 9c59270c3fd7afecdb556c50c9e8de78 -> 
  custom:audio-decoder-ogg-vorbis: bf7c407c2cedff20999df2af8eb42d56 -> 
  custom:audio-encoder-webm-vorbis: bf7c407c2cedff20999df2af8eb42d56 -> 
========================================================================
Received Import Request.
  Time since last request: 82585.513013 seconds.
  path: Assets/Prefab/NewBehaviourScript.cs
  artifactKey: Guid(ea6cb361a426b1940b59ab3736d380e2) Importer(815301076,1909f56bfc062723c751e8b465ee728b)
Start importing Assets/Prefab/NewBehaviourScript.cs using Guid(ea6cb361a426b1940b59ab3736d380e2) Importer(815301076,1909f56bfc062723c751e8b465ee728b)  -> (artifact id: '8f2c1274086e3d81ae007ca77e6148b6') in 0.011147 seconds 
  Import took 0.015791 seconds .

========================================================================
Received Prepare
Registering precompiled user dll's ...
Registered in 0.004422 seconds.
Begin MonoManager ReloadAssembly
Native extension for WindowsStandalone target not found
Refreshing native plugins compatible for Editor in 0.41 ms, found 2 plugins.
Preloading 0 native plugins for Editor in 0.00 ms.
Mono: successfully reloaded assembly
- Completed reload, in  0.899 seconds
Domain Reload Profiling:
	ReloadAssembly (899ms)
		BeginReloadAssembly (116ms)
			ExecutionOrderSort (0ms)
			DisableScriptedObjects (6ms)
			BackupInstance (0ms)
			ReleaseScriptingObjects (0ms)
			CreateAndSetChildDomain (41ms)
		EndReloadAssembly (722ms)
			LoadAssemblies (84ms)
			RebuildTransferFunctionScriptingTraits (0ms)
			SetupTypeCache (250ms)
			ReleaseScriptCaches (1ms)
			RebuildScriptCaches (41ms)
			SetupLoadedEditorAssemblies (265ms)
				LogAssemblyErrors (0ms)
				InitializePlatformSupportModulesInManaged (5ms)
				SetLoadedEditorAssemblies (0ms)
				RefreshPlugins (0ms)
				BeforeProcessingInitializeOnLoad (68ms)
				ProcessInitializeOnLoadAttributes (179ms)
				ProcessInitializeOnLoadMethodAttributes (6ms)
				AfterProcessingInitializeOnLoad (6ms)
				EditorAssembliesLoaded (0ms)
			ExecutionOrderSort2 (0ms)
			AwakeInstancesAfterBackupRestoration (6ms)
Platform modules already initialized, skipping
Refreshing native plugins compatible for Editor in 0.33 ms, found 2 plugins.
Preloading 0 native plugins for Editor in 0.00 ms.
Unloading 1616 Unused Serialized files (Serialized files now loaded: 0)
System memory in use before: 76.1 MB.
System memory in use after: 76.2 MB.

Unloading 16 unused Assets to reduce memory usage. Loaded Objects now: 2101.
Total: 2.271900 ms (FindLiveObjects: 0.149500 ms CreateObjectMapping: 0.048600 ms MarkObjects: 2.058900 ms  DeleteObjects: 0.014300 ms)

AssetImportParameters requested are different than current active one (requested -> active):
  custom:framework-win-MediaFoundation: 216162199b28c13a410421893ffa2e32 -> 
  custom:video-decoder-ogg-theora: a1e56fd34408186e4bbccfd4996cb3dc -> 
  custom:container-muxer-webm: aa71ff27fc2769a1b78a27578f13a17b -> 
  custom:container-demuxer-webm: 4f35f7cbe854078d1ac9338744f61a02 -> 
  custom:container-demuxer-ogg: 62fdf1f143b41e24485cea50d1cbac27 -> 
  custom:video-encoder-webm-vp8: eb34c28f22e8b96e1ab97ce403110664 -> 
  custom:video-decoder-webm-vp8: 9c59270c3fd7afecdb556c50c9e8de78 -> 
  custom:audio-decoder-ogg-vorbis: bf7c407c2cedff20999df2af8eb42d56 -> 
  custom:audio-encoder-webm-vorbis: bf7c407c2cedff20999df2af8eb42d56 -> 
========================================================================
Received Prepare
Registering precompiled user dll's ...
Registered in 0.004430 seconds.
Begin MonoManager ReloadAssembly
Native extension for WindowsStandalone target not found
Refreshing native plugins compatible for Editor in 0.34 ms, found 2 plugins.
Preloading 0 native plugins for Editor in 0.00 ms.
Mono: successfully reloaded assembly
- Completed reload, in  0.893 seconds
Domain Reload Profiling:
	ReloadAssembly (893ms)
		BeginReloadAssembly (109ms)
			ExecutionOrderSort (0ms)
			DisableScriptedObjects (4ms)
			BackupInstance (0ms)
			ReleaseScriptingObjects (0ms)
			CreateAndSetChildDomain (30ms)
		EndReloadAssembly (729ms)
			LoadAssemblies (79ms)
			RebuildTransferFunctionScriptingTraits (0ms)
			SetupTypeCache (249ms)
			ReleaseScriptCaches (1ms)
			RebuildScriptCaches (40ms)
			SetupLoadedEditorAssemblies (276ms)
				LogAssemblyErrors (0ms)
				InitializePlatformSupportModulesInManaged (5ms)
				SetLoadedEditorAssemblies (0ms)
				RefreshPlugins (0ms)
				BeforeProcessingInitializeOnLoad (70ms)
				ProcessInitializeOnLoadAttributes (189ms)
				ProcessInitializeOnLoadMethodAttributes (6ms)
				AfterProcessingInitializeOnLoad (6ms)
				EditorAssembliesLoaded (0ms)
			ExecutionOrderSort2 (0ms)
			AwakeInstancesAfterBackupRestoration (6ms)
Platform modules already initialized, skipping
Refreshing native plugins compatible for Editor in 0.32 ms, found 2 plugins.
Preloading 0 native plugins for Editor in 0.00 ms.
Unloading 1615 Unused Serialized files (Serialized files now loaded: 0)
System memory in use before: 76.1 MB.
System memory in use after: 76.2 MB.

Unloading 17 unused Assets to reduce memory usage. Loaded Objects now: 2103.
Total: 2.256300 ms (FindLiveObjects: 0.134800 ms CreateObjectMapping: 0.048900 ms MarkObjects: 2.037500 ms  DeleteObjects: 0.034100 ms)

AssetImportParameters requested are different than current active one (requested -> active):
  custom:framework-win-MediaFoundation: 216162199b28c13a410421893ffa2e32 -> 
  custom:video-decoder-ogg-theora: a1e56fd34408186e4bbccfd4996cb3dc -> 
  custom:container-muxer-webm: aa71ff27fc2769a1b78a27578f13a17b -> 
  custom:container-demuxer-webm: 4f35f7cbe854078d1ac9338744f61a02 -> 
  custom:container-demuxer-ogg: 62fdf1f143b41e24485cea50d1cbac27 -> 
  custom:video-encoder-webm-vp8: eb34c28f22e8b96e1ab97ce403110664 -> 
  custom:video-decoder-webm-vp8: 9c59270c3fd7afecdb556c50c9e8de78 -> 
  custom:audio-decoder-ogg-vorbis: bf7c407c2cedff20999df2af8eb42d56 -> 
  custom:audio-encoder-webm-vorbis: bf7c407c2cedff20999df2af8eb42d56 -> 
AssetImportWorkerClient::OnTransportError - code=2 error=End of file
